<?xml version="1.0" encoding="UTF-8"?>
<testsuite xmlns:xsi="http://www.w3.org/2001/XMLSchema-instance" xsi:noNamespaceSchemaLocation="https://maven.apache.org/surefire/maven-surefire-plugin/xsd/surefire-test-report-3.0.xsd" version="3.0" name="com.pucp.unionseguros.UnionSegurosApplicationTests" time="12.266" tests="1" errors="0" skipped="0" failures="0">
  <properties>
    <property name="java.specification.version" value="17"/>
    <property name="sun.cpu.isalist" value="amd64"/>
    <property name="sun.jnu.encoding" value="Cp1252"/>
    <property name="java.class.path" value="C:\Cursos Universidad\Cursos 2023-1\Ingeniería de Software\Repositorio TA\UnionSeguros\Server-side\UnionSeguros\target\test-classes;C:\Cursos Universidad\Cursos 2023-1\Ingeniería de Software\Repositorio TA\UnionSeguros\Server-side\UnionSeguros\target\classes;C:\Users\sergi\.m2\repository\org\springframework\boot\spring-boot-starter-data-jdbc\3.0.6\spring-boot-starter-data-jdbc-3.0.6.jar;C:\Users\sergi\.m2\repository\org\springframework\boot\spring-boot-starter-jdbc\3.0.6\spring-boot-starter-jdbc-3.0.6.jar;C:\Users\sergi\.m2\repository\com\zaxxer\HikariCP\5.0.1\HikariCP-5.0.1.jar;C:\Users\sergi\.m2\repository\org\springframework\spring-jdbc\6.0.8\spring-jdbc-6.0.8.jar;C:\Users\sergi\.m2\repository\org\springframework\data\spring-data-jdbc\3.0.5\spring-data-jdbc-3.0.5.jar;C:\Users\sergi\.m2\repository\org\springframework\data\spring-data-relational\3.0.5\spring-data-relational-3.0.5.jar;C:\Users\sergi\.m2\repository\org\springframework\data\spring-data-commons\3.0.5\spring-data-commons-3.0.5.jar;C:\Users\sergi\.m2\repository\org\springframework\spring-tx\6.0.8\spring-tx-6.0.8.jar;C:\Users\sergi\.m2\repository\org\springframework\spring-context\6.0.8\spring-context-6.0.8.jar;C:\Users\sergi\.m2\repository\org\springframework\spring-beans\6.0.8\spring-beans-6.0.8.jar;C:\Users\sergi\.m2\repository\org\slf4j\slf4j-api\2.0.7\slf4j-api-2.0.7.jar;C:\Users\sergi\.m2\repository\org\springframework\boot\spring-boot-starter-test\3.0.6\spring-boot-starter-test-3.0.6.jar;C:\Users\sergi\.m2\repository\org\springframework\boot\spring-boot-starter\3.0.6\spring-boot-starter-3.0.6.jar;C:\Users\sergi\.m2\repository\org\springframework\boot\spring-boot-starter-logging\3.0.6\spring-boot-starter-logging-3.0.6.jar;C:\Users\sergi\.m2\repository\ch\qos\logback\logback-classic\1.4.7\logback-classic-1.4.7.jar;C:\Users\sergi\.m2\repository\ch\qos\logback\logback-core\1.4.7\logback-core-1.4.7.jar;C:\Users\sergi\.m2\repository\org\apache\logging\log4j\log4j-to-slf4j\2.19.0\log4j-to-slf4j-2.19.0.jar;C:\Users\sergi\.m2\repository\org\apache\logging\log4j\log4j-api\2.19.0\log4j-api-2.19.0.jar;C:\Users\sergi\.m2\repository\org\slf4j\jul-to-slf4j\2.0.7\jul-to-slf4j-2.0.7.jar;C:\Users\sergi\.m2\repository\jakarta\annotation\jakarta.annotation-api\2.1.1\jakarta.annotation-api-2.1.1.jar;C:\Users\sergi\.m2\repository\org\yaml\snakeyaml\1.33\snakeyaml-1.33.jar;C:\Users\sergi\.m2\repository\org\springframework\boot\spring-boot-test\3.0.6\spring-boot-test-3.0.6.jar;C:\Users\sergi\.m2\repository\org\springframework\boot\spring-boot-test-autoconfigure\3.0.6\spring-boot-test-autoconfigure-3.0.6.jar;C:\Users\sergi\.m2\repository\com\jayway\jsonpath\json-path\2.7.0\json-path-2.7.0.jar;C:\Users\sergi\.m2\repository\net\minidev\json-smart\2.4.10\json-smart-2.4.10.jar;C:\Users\sergi\.m2\repository\net\minidev\accessors-smart\2.4.9\accessors-smart-2.4.9.jar;C:\Users\sergi\.m2\repository\org\ow2\asm\asm\9.3\asm-9.3.jar;C:\Users\sergi\.m2\repository\jakarta\xml\bind\jakarta.xml.bind-api\4.0.0\jakarta.xml.bind-api-4.0.0.jar;C:\Users\sergi\.m2\repository\jakarta\activation\jakarta.activation-api\2.1.1\jakarta.activation-api-2.1.1.jar;C:\Users\sergi\.m2\repository\org\assertj\assertj-core\3.23.1\assertj-core-3.23.1.jar;C:\Users\sergi\.m2\repository\net\bytebuddy\byte-buddy\1.12.23\byte-buddy-1.12.23.jar;C:\Users\sergi\.m2\repository\org\hamcrest\hamcrest\2.2\hamcrest-2.2.jar;C:\Users\sergi\.m2\repository\org\junit\jupiter\junit-jupiter\5.9.2\junit-jupiter-5.9.2.jar;C:\Users\sergi\.m2\repository\org\junit\jupiter\junit-jupiter-api\5.9.2\junit-jupiter-api-5.9.2.jar;C:\Users\sergi\.m2\repository\org\opentest4j\opentest4j\1.2.0\opentest4j-1.2.0.jar;C:\Users\sergi\.m2\repository\org\junit\platform\junit-platform-commons\1.9.2\junit-platform-commons-1.9.2.jar;C:\Users\sergi\.m2\repository\org\apiguardian\apiguardian-api\1.1.2\apiguardian-api-1.1.2.jar;C:\Users\sergi\.m2\repository\org\junit\jupiter\junit-jupiter-params\5.9.2\junit-jupiter-params-5.9.2.jar;C:\Users\sergi\.m2\repository\org\junit\jupiter\junit-jupiter-engine\5.9.2\junit-jupiter-engine-5.9.2.jar;C:\Users\sergi\.m2\repository\org\junit\platform\junit-platform-engine\1.9.2\junit-platform-engine-1.9.2.jar;C:\Users\sergi\.m2\repository\org\mockito\mockito-core\4.8.1\mockito-core-4.8.1.jar;C:\Users\sergi\.m2\repository\net\bytebuddy\byte-buddy-agent\1.12.23\byte-buddy-agent-1.12.23.jar;C:\Users\sergi\.m2\repository\org\objenesis\objenesis\3.2\objenesis-3.2.jar;C:\Users\sergi\.m2\repository\org\mockito\mockito-junit-jupiter\4.8.1\mockito-junit-jupiter-4.8.1.jar;C:\Users\sergi\.m2\repository\org\skyscreamer\jsonassert\1.5.1\jsonassert-1.5.1.jar;C:\Users\sergi\.m2\repository\com\vaadin\external\google\android-json\0.0.20131108.vaadin1\android-json-0.0.20131108.vaadin1.jar;C:\Users\sergi\.m2\repository\org\springframework\spring-core\6.0.8\spring-core-6.0.8.jar;C:\Users\sergi\.m2\repository\org\springframework\spring-jcl\6.0.8\spring-jcl-6.0.8.jar;C:\Users\sergi\.m2\repository\org\springframework\spring-test\6.0.8\spring-test-6.0.8.jar;C:\Users\sergi\.m2\repository\org\xmlunit\xmlunit-core\2.9.1\xmlunit-core-2.9.1.jar;C:\Users\sergi\.m2\repository\org\springframework\boot\spring-boot-starter-data-jpa\3.0.6\spring-boot-starter-data-jpa-3.0.6.jar;C:\Users\sergi\.m2\repository\org\springframework\boot\spring-boot-starter-aop\3.0.6\spring-boot-starter-aop-3.0.6.jar;C:\Users\sergi\.m2\repository\org\springframework\spring-aop\6.0.8\spring-aop-6.0.8.jar;C:\Users\sergi\.m2\repository\org\aspectj\aspectjweaver\1.9.19\aspectjweaver-1.9.19.jar;C:\Users\sergi\.m2\repository\org\hibernate\orm\hibernate-core\6.1.7.Final\hibernate-core-6.1.7.Final.jar;C:\Users\sergi\.m2\repository\jakarta\persistence\jakarta.persistence-api\3.1.0\jakarta.persistence-api-3.1.0.jar;C:\Users\sergi\.m2\repository\jakarta\transaction\jakarta.transaction-api\2.0.1\jakarta.transaction-api-2.0.1.jar;C:\Users\sergi\.m2\repository\org\jboss\logging\jboss-logging\3.5.0.Final\jboss-logging-3.5.0.Final.jar;C:\Users\sergi\.m2\repository\org\hibernate\common\hibernate-commons-annotations\6.0.6.Final\hibernate-commons-annotations-6.0.6.Final.jar;C:\Users\sergi\.m2\repository\org\jboss\jandex\2.4.2.Final\jandex-2.4.2.Final.jar;C:\Users\sergi\.m2\repository\com\fasterxml\classmate\1.5.1\classmate-1.5.1.jar;C:\Users\sergi\.m2\repository\org\glassfish\jaxb\jaxb-runtime\4.0.2\jaxb-runtime-4.0.2.jar;C:\Users\sergi\.m2\repository\org\glassfish\jaxb\jaxb-core\4.0.2\jaxb-core-4.0.2.jar;C:\Users\sergi\.m2\repository\org\eclipse\angus\angus-activation\2.0.0\angus-activation-2.0.0.jar;C:\Users\sergi\.m2\repository\org\glassfish\jaxb\txw2\4.0.2\txw2-4.0.2.jar;C:\Users\sergi\.m2\repository\com\sun\istack\istack-commons-runtime\4.1.1\istack-commons-runtime-4.1.1.jar;C:\Users\sergi\.m2\repository\jakarta\inject\jakarta.inject-api\2.0.0\jakarta.inject-api-2.0.0.jar;C:\Users\sergi\.m2\repository\org\antlr\antlr4-runtime\4.10.1\antlr4-runtime-4.10.1.jar;C:\Users\sergi\.m2\repository\org\springframework\data\spring-data-jpa\3.0.5\spring-data-jpa-3.0.5.jar;C:\Users\sergi\.m2\repository\org\springframework\spring-orm\6.0.8\spring-orm-6.0.8.jar;C:\Users\sergi\.m2\repository\org\springframework\spring-aspects\6.0.8\spring-aspects-6.0.8.jar;C:\Users\sergi\.m2\repository\org\springframework\boot\spring-boot-starter-web\3.0.6\spring-boot-starter-web-3.0.6.jar;C:\Users\sergi\.m2\repository\org\springframework\boot\spring-boot-starter-json\3.0.6\spring-boot-starter-json-3.0.6.jar;C:\Users\sergi\.m2\repository\com\fasterxml\jackson\core\jackson-databind\2.14.2\jackson-databind-2.14.2.jar;C:\Users\sergi\.m2\repository\com\fasterxml\jackson\core\jackson-annotations\2.14.2\jackson-annotations-2.14.2.jar;C:\Users\sergi\.m2\repository\com\fasterxml\jackson\core\jackson-core\2.14.2\jackson-core-2.14.2.jar;C:\Users\sergi\.m2\repository\com\fasterxml\jackson\datatype\jackson-datatype-jdk8\2.14.2\jackson-datatype-jdk8-2.14.2.jar;C:\Users\sergi\.m2\repository\com\fasterxml\jackson\datatype\jackson-datatype-jsr310\2.14.2\jackson-datatype-jsr310-2.14.2.jar;C:\Users\sergi\.m2\repository\com\fasterxml\jackson\module\jackson-module-parameter-names\2.14.2\jackson-module-parameter-names-2.14.2.jar;C:\Users\sergi\.m2\repository\org\springframework\boot\spring-boot-starter-tomcat\3.0.6\spring-boot-starter-tomcat-3.0.6.jar;C:\Users\sergi\.m2\repository\org\apache\tomcat\embed\tomcat-embed-core\10.1.8\tomcat-embed-core-10.1.8.jar;C:\Users\sergi\.m2\repository\org\apache\tomcat\embed\tomcat-embed-el\10.1.8\tomcat-embed-el-10.1.8.jar;C:\Users\sergi\.m2\repository\org\apache\tomcat\embed\tomcat-embed-websocket\10.1.8\tomcat-embed-websocket-10.1.8.jar;C:\Users\sergi\.m2\repository\org\springframework\spring-web\6.0.8\spring-web-6.0.8.jar;C:\Users\sergi\.m2\repository\io\micrometer\micrometer-observation\1.10.6\micrometer-observation-1.10.6.jar;C:\Users\sergi\.m2\repository\io\micrometer\micrometer-commons\1.10.6\micrometer-commons-1.10.6.jar;C:\Users\sergi\.m2\repository\org\springframework\spring-webmvc\6.0.8\spring-webmvc-6.0.8.jar;C:\Users\sergi\.m2\repository\org\springframework\spring-expression\6.0.8\spring-expression-6.0.8.jar;C:\Users\sergi\.m2\repository\org\springframework\boot\spring-boot-devtools\3.0.6\spring-boot-devtools-3.0.6.jar;C:\Users\sergi\.m2\repository\org\springframework\boot\spring-boot\3.0.6\spring-boot-3.0.6.jar;C:\Users\sergi\.m2\repository\org\springframework\boot\spring-boot-autoconfigure\3.0.6\spring-boot-autoconfigure-3.0.6.jar;C:\Users\sergi\.m2\repository\com\mysql\mysql-connector-j\8.0.33\mysql-connector-j-8.0.33.jar;C:\Users\sergi\.m2\repository\org\projectlombok\lombok\1.18.26\lombok-1.18.26.jar;"/>
    <property name="java.vm.vendor" value="Oracle Corporation"/>
    <property name="sun.arch.data.model" value="64"/>
    <property name="user.variant" value=""/>
    <property name="java.vendor.url" value="https://java.oracle.com/"/>
    <property name="user.timezone" value="America/Lima"/>
    <property name="org.jboss.logging.provider" value="slf4j"/>
    <property name="os.name" value="Windows 11"/>
    <property name="java.vm.specification.version" value="17"/>
    <property name="sun.java.launcher" value="SUN_STANDARD"/>
    <property name="user.country" value="MX"/>
    <property name="sun.boot.library.path" value="C:\Program Files\Java\jdk-17.0.7\bin"/>
    <property name="sun.java.command" value="C:\Users\sergi\AppData\Local\Temp\surefire12297385447458010571\surefirebooter-20230525154438845_3.jar C:\Users\sergi\AppData\Local\Temp\surefire12297385447458010571 2023-05-25T15-44-38_366-jvmRun1 surefire-20230525154438845_1tmp surefire_0-20230525154438845_2tmp"/>
    <property name="jdk.debug" value="release"/>
    <property name="surefire.test.class.path" value="C:\Cursos Universidad\Cursos 2023-1\Ingeniería de Software\Repositorio TA\UnionSeguros\Server-side\UnionSeguros\target\test-classes;C:\Cursos Universidad\Cursos 2023-1\Ingeniería de Software\Repositorio TA\UnionSeguros\Server-side\UnionSeguros\target\classes;C:\Users\sergi\.m2\repository\org\springframework\boot\spring-boot-starter-data-jdbc\3.0.6\spring-boot-starter-data-jdbc-3.0.6.jar;C:\Users\sergi\.m2\repository\org\springframework\boot\spring-boot-starter-jdbc\3.0.6\spring-boot-starter-jdbc-3.0.6.jar;C:\Users\sergi\.m2\repository\com\zaxxer\HikariCP\5.0.1\HikariCP-5.0.1.jar;C:\Users\sergi\.m2\repository\org\springframework\spring-jdbc\6.0.8\spring-jdbc-6.0.8.jar;C:\Users\sergi\.m2\repository\org\springframework\data\spring-data-jdbc\3.0.5\spring-data-jdbc-3.0.5.jar;C:\Users\sergi\.m2\repository\org\springframework\data\spring-data-relational\3.0.5\spring-data-relational-3.0.5.jar;C:\Users\sergi\.m2\repository\org\springframework\data\spring-data-commons\3.0.5\spring-data-commons-3.0.5.jar;C:\Users\sergi\.m2\repository\org\springframework\spring-tx\6.0.8\spring-tx-6.0.8.jar;C:\Users\sergi\.m2\repository\org\springframework\spring-context\6.0.8\spring-context-6.0.8.jar;C:\Users\sergi\.m2\repository\org\springframework\spring-beans\6.0.8\spring-beans-6.0.8.jar;C:\Users\sergi\.m2\repository\org\slf4j\slf4j-api\2.0.7\slf4j-api-2.0.7.jar;C:\Users\sergi\.m2\repository\org\springframework\boot\spring-boot-starter-test\3.0.6\spring-boot-starter-test-3.0.6.jar;C:\Users\sergi\.m2\repository\org\springframework\boot\spring-boot-starter\3.0.6\spring-boot-starter-3.0.6.jar;C:\Users\sergi\.m2\repository\org\springframework\boot\spring-boot-starter-logging\3.0.6\spring-boot-starter-logging-3.0.6.jar;C:\Users\sergi\.m2\repository\ch\qos\logback\logback-classic\1.4.7\logback-classic-1.4.7.jar;C:\Users\sergi\.m2\repository\ch\qos\logback\logback-core\1.4.7\logback-core-1.4.7.jar;C:\Users\sergi\.m2\repository\org\apache\logging\log4j\log4j-to-slf4j\2.19.0\log4j-to-slf4j-2.19.0.jar;C:\Users\sergi\.m2\repository\org\apache\logging\log4j\log4j-api\2.19.0\log4j-api-2.19.0.jar;C:\Users\sergi\.m2\repository\org\slf4j\jul-to-slf4j\2.0.7\jul-to-slf4j-2.0.7.jar;C:\Users\sergi\.m2\repository\jakarta\annotation\jakarta.annotation-api\2.1.1\jakarta.annotation-api-2.1.1.jar;C:\Users\sergi\.m2\repository\org\yaml\snakeyaml\1.33\snakeyaml-1.33.jar;C:\Users\sergi\.m2\repository\org\springframework\boot\spring-boot-test\3.0.6\spring-boot-test-3.0.6.jar;C:\Users\sergi\.m2\repository\org\springframework\boot\spring-boot-test-autoconfigure\3.0.6\spring-boot-test-autoconfigure-3.0.6.jar;C:\Users\sergi\.m2\repository\com\jayway\jsonpath\json-path\2.7.0\json-path-2.7.0.jar;C:\Users\sergi\.m2\repository\net\minidev\json-smart\2.4.10\json-smart-2.4.10.jar;C:\Users\sergi\.m2\repository\net\minidev\accessors-smart\2.4.9\accessors-smart-2.4.9.jar;C:\Users\sergi\.m2\repository\org\ow2\asm\asm\9.3\asm-9.3.jar;C:\Users\sergi\.m2\repository\jakarta\xml\bind\jakarta.xml.bind-api\4.0.0\jakarta.xml.bind-api-4.0.0.jar;C:\Users\sergi\.m2\repository\jakarta\activation\jakarta.activation-api\2.1.1\jakarta.activation-api-2.1.1.jar;C:\Users\sergi\.m2\repository\org\assertj\assertj-core\3.23.1\assertj-core-3.23.1.jar;C:\Users\sergi\.m2\repository\net\bytebuddy\byte-buddy\1.12.23\byte-buddy-1.12.23.jar;C:\Users\sergi\.m2\repository\org\hamcrest\hamcrest\2.2\hamcrest-2.2.jar;C:\Users\sergi\.m2\repository\org\junit\jupiter\junit-jupiter\5.9.2\junit-jupiter-5.9.2.jar;C:\Users\sergi\.m2\repository\org\junit\jupiter\junit-jupiter-api\5.9.2\junit-jupiter-api-5.9.2.jar;C:\Users\sergi\.m2\repository\org\opentest4j\opentest4j\1.2.0\opentest4j-1.2.0.jar;C:\Users\sergi\.m2\repository\org\junit\platform\junit-platform-commons\1.9.2\junit-platform-commons-1.9.2.jar;C:\Users\sergi\.m2\repository\org\apiguardian\apiguardian-api\1.1.2\apiguardian-api-1.1.2.jar;C:\Users\sergi\.m2\repository\org\junit\jupiter\junit-jupiter-params\5.9.2\junit-jupiter-params-5.9.2.jar;C:\Users\sergi\.m2\repository\org\junit\jupiter\junit-jupiter-engine\5.9.2\junit-jupiter-engine-5.9.2.jar;C:\Users\sergi\.m2\repository\org\junit\platform\junit-platform-engine\1.9.2\junit-platform-engine-1.9.2.jar;C:\Users\sergi\.m2\repository\org\mockito\mockito-core\4.8.1\mockito-core-4.8.1.jar;C:\Users\sergi\.m2\repository\net\bytebuddy\byte-buddy-agent\1.12.23\byte-buddy-agent-1.12.23.jar;C:\Users\sergi\.m2\repository\org\objenesis\objenesis\3.2\objenesis-3.2.jar;C:\Users\sergi\.m2\repository\org\mockito\mockito-junit-jupiter\4.8.1\mockito-junit-jupiter-4.8.1.jar;C:\Users\sergi\.m2\repository\org\skyscreamer\jsonassert\1.5.1\jsonassert-1.5.1.jar;C:\Users\sergi\.m2\repository\com\vaadin\external\google\android-json\0.0.20131108.vaadin1\android-json-0.0.20131108.vaadin1.jar;C:\Users\sergi\.m2\repository\org\springframework\spring-core\6.0.8\spring-core-6.0.8.jar;C:\Users\sergi\.m2\repository\org\springframework\spring-jcl\6.0.8\spring-jcl-6.0.8.jar;C:\Users\sergi\.m2\repository\org\springframework\spring-test\6.0.8\spring-test-6.0.8.jar;C:\Users\sergi\.m2\repository\org\xmlunit\xmlunit-core\2.9.1\xmlunit-core-2.9.1.jar;C:\Users\sergi\.m2\repository\org\springframework\boot\spring-boot-starter-data-jpa\3.0.6\spring-boot-starter-data-jpa-3.0.6.jar;C:\Users\sergi\.m2\repository\org\springframework\boot\spring-boot-starter-aop\3.0.6\spring-boot-starter-aop-3.0.6.jar;C:\Users\sergi\.m2\repository\org\springframework\spring-aop\6.0.8\spring-aop-6.0.8.jar;C:\Users\sergi\.m2\repository\org\aspectj\aspectjweaver\1.9.19\aspectjweaver-1.9.19.jar;C:\Users\sergi\.m2\repository\org\hibernate\orm\hibernate-core\6.1.7.Final\hibernate-core-6.1.7.Final.jar;C:\Users\sergi\.m2\repository\jakarta\persistence\jakarta.persistence-api\3.1.0\jakarta.persistence-api-3.1.0.jar;C:\Users\sergi\.m2\repository\jakarta\transaction\jakarta.transaction-api\2.0.1\jakarta.transaction-api-2.0.1.jar;C:\Users\sergi\.m2\repository\org\jboss\logging\jboss-logging\3.5.0.Final\jboss-logging-3.5.0.Final.jar;C:\Users\sergi\.m2\repository\org\hibernate\common\hibernate-commons-annotations\6.0.6.Final\hibernate-commons-annotations-6.0.6.Final.jar;C:\Users\sergi\.m2\repository\org\jboss\jandex\2.4.2.Final\jandex-2.4.2.Final.jar;C:\Users\sergi\.m2\repository\com\fasterxml\classmate\1.5.1\classmate-1.5.1.jar;C:\Users\sergi\.m2\repository\org\glassfish\jaxb\jaxb-runtime\4.0.2\jaxb-runtime-4.0.2.jar;C:\Users\sergi\.m2\repository\org\glassfish\jaxb\jaxb-core\4.0.2\jaxb-core-4.0.2.jar;C:\Users\sergi\.m2\repository\org\eclipse\angus\angus-activation\2.0.0\angus-activation-2.0.0.jar;C:\Users\sergi\.m2\repository\org\glassfish\jaxb\txw2\4.0.2\txw2-4.0.2.jar;C:\Users\sergi\.m2\repository\com\sun\istack\istack-commons-runtime\4.1.1\istack-commons-runtime-4.1.1.jar;C:\Users\sergi\.m2\repository\jakarta\inject\jakarta.inject-api\2.0.0\jakarta.inject-api-2.0.0.jar;C:\Users\sergi\.m2\repository\org\antlr\antlr4-runtime\4.10.1\antlr4-runtime-4.10.1.jar;C:\Users\sergi\.m2\repository\org\springframework\data\spring-data-jpa\3.0.5\spring-data-jpa-3.0.5.jar;C:\Users\sergi\.m2\repository\org\springframework\spring-orm\6.0.8\spring-orm-6.0.8.jar;C:\Users\sergi\.m2\repository\org\springframework\spring-aspects\6.0.8\spring-aspects-6.0.8.jar;C:\Users\sergi\.m2\repository\org\springframework\boot\spring-boot-starter-web\3.0.6\spring-boot-starter-web-3.0.6.jar;C:\Users\sergi\.m2\repository\org\springframework\boot\spring-boot-starter-json\3.0.6\spring-boot-starter-json-3.0.6.jar;C:\Users\sergi\.m2\repository\com\fasterxml\jackson\core\jackson-databind\2.14.2\jackson-databind-2.14.2.jar;C:\Users\sergi\.m2\repository\com\fasterxml\jackson\core\jackson-annotations\2.14.2\jackson-annotations-2.14.2.jar;C:\Users\sergi\.m2\repository\com\fasterxml\jackson\core\jackson-core\2.14.2\jackson-core-2.14.2.jar;C:\Users\sergi\.m2\repository\com\fasterxml\jackson\datatype\jackson-datatype-jdk8\2.14.2\jackson-datatype-jdk8-2.14.2.jar;C:\Users\sergi\.m2\repository\com\fasterxml\jackson\datatype\jackson-datatype-jsr310\2.14.2\jackson-datatype-jsr310-2.14.2.jar;C:\Users\sergi\.m2\repository\com\fasterxml\jackson\module\jackson-module-parameter-names\2.14.2\jackson-module-parameter-names-2.14.2.jar;C:\Users\sergi\.m2\repository\org\springframework\boot\spring-boot-starter-tomcat\3.0.6\spring-boot-starter-tomcat-3.0.6.jar;C:\Users\sergi\.m2\repository\org\apache\tomcat\embed\tomcat-embed-core\10.1.8\tomcat-embed-core-10.1.8.jar;C:\Users\sergi\.m2\repository\org\apache\tomcat\embed\tomcat-embed-el\10.1.8\tomcat-embed-el-10.1.8.jar;C:\Users\sergi\.m2\repository\org\apache\tomcat\embed\tomcat-embed-websocket\10.1.8\tomcat-embed-websocket-10.1.8.jar;C:\Users\sergi\.m2\repository\org\springframework\spring-web\6.0.8\spring-web-6.0.8.jar;C:\Users\sergi\.m2\repository\io\micrometer\micrometer-observation\1.10.6\micrometer-observation-1.10.6.jar;C:\Users\sergi\.m2\repository\io\micrometer\micrometer-commons\1.10.6\micrometer-commons-1.10.6.jar;C:\Users\sergi\.m2\repository\org\springframework\spring-webmvc\6.0.8\spring-webmvc-6.0.8.jar;C:\Users\sergi\.m2\repository\org\springframework\spring-expression\6.0.8\spring-expression-6.0.8.jar;C:\Users\sergi\.m2\repository\org\springframework\boot\spring-boot-devtools\3.0.6\spring-boot-devtools-3.0.6.jar;C:\Users\sergi\.m2\repository\org\springframework\boot\spring-boot\3.0.6\spring-boot-3.0.6.jar;C:\Users\sergi\.m2\repository\org\springframework\boot\spring-boot-autoconfigure\3.0.6\spring-boot-autoconfigure-3.0.6.jar;C:\Users\sergi\.m2\repository\com\mysql\mysql-connector-j\8.0.33\mysql-connector-j-8.0.33.jar;C:\Users\sergi\.m2\repository\org\projectlombok\lombok\1.18.26\lombok-1.18.26.jar;"/>
    <property name="sun.cpu.endian" value="little"/>
    <property name="user.home" value="C:\Users\sergi"/>
    <property name="user.language" value="es"/>
    <property name="java.specification.vendor" value="Oracle Corporation"/>
    <property name="java.version.date" value="2023-04-18"/>
    <property name="java.home" value="C:\Program Files\Java\jdk-17.0.7"/>
    <property name="file.separator" value="\"/>
    <property name="basedir" value="C:\Cursos Universidad\Cursos 2023-1\Ingeniería de Software\Repositorio TA\UnionSeguros\Server-side\UnionSeguros"/>
    <property name="java.vm.compressedOopsMode" value="Zero based"/>
    <property name="line.separator" value="&#10;"/>
    <property name="java.vm.specification.vendor" value="Oracle Corporation"/>
    <property name="java.specification.name" value="Java Platform API Specification"/>
    <property name="FILE_LOG_CHARSET" value="windows-1252"/>
    <property name="java.awt.headless" value="true"/>
    <property name="surefire.real.class.path" value="C:\Users\sergi\AppData\Local\Temp\surefire12297385447458010571\surefirebooter-20230525154438845_3.jar"/>
    <property name="user.script" value=""/>
    <property name="sun.management.compiler" value="HotSpot 64-Bit Tiered Compilers"/>
    <property name="java.runtime.version" value="17.0.7+8-LTS-224"/>
    <property name="user.name" value="sergi"/>
    <property name="path.separator" value=";"/>
    <property name="os.version" value="10.0"/>
    <property name="java.runtime.name" value="Java(TM) SE Runtime Environment"/>
    <property name="file.encoding" value="Cp1252"/>
    <property name="java.vm.name" value="Java HotSpot(TM) 64-Bit Server VM"/>
    <property name="localRepository" value="C:\Users\sergi\.m2\repository"/>
    <property name="java.vendor.url.bug" value="https://bugreport.java.com/bugreport/"/>
    <property name="java.io.tmpdir" value="C:\Users\sergi\AppData\Local\Temp\"/>
    <property name="idea.version" value="2023.1"/>
    <property name="com.zaxxer.hikari.pool_number" value="1"/>
    <property name="java.version" value="17.0.7"/>
    <property name="user.dir" value="C:\Cursos Universidad\Cursos 2023-1\Ingeniería de Software\Repositorio TA\UnionSeguros\Server-side\UnionSeguros"/>
    <property name="os.arch" value="amd64"/>
    <property name="java.vm.specification.name" value="Java Virtual Machine Specification"/>
    <property name="PID" value="24620"/>
    <property name="sun.os.patch.level" value=""/>
    <property name="CONSOLE_LOG_CHARSET" value="windows-1252"/>
    <property name="native.encoding" value="Cp1252"/>
    <property name="java.library.path" value="C:\Program Files\Java\jdk-17.0.7\bin;C:\WINDOWS\Sun\Java\bin;C:\WINDOWS\system32;C:\WINDOWS;C:\Program Files (x86)\Common Files\Oracle\Java\javapath;C:\Windows\system32;C:\Windows;C:\Windows\System32\Wbem;C:\Windows\System32\WindowsPowerShell\v1.0\;C:\Windows\System32\OpenSSH\;C:\Program Files (x86)\NVIDIA Corporation\PhysX\Common;C:\Program Files\NVIDIA Corporation\NVIDIA NvDLISR;C:\Program Files\Java\jdk1.8.0_151\bin;C:\Program Files\Microsoft SQL Server\150\Tools\Binn\;C:\Program Files\Microsoft SQL Server\Client SDK\ODBC\170\Tools\Binn\;C:\Program Files\dotnet\;C:\Program Files\Git\cmd;C:\WINDOWS\system32;C:\WINDOWS;C:\WINDOWS\System32\Wbem;C:\WINDOWS\System32\WindowsPowerShell\v1.0\;C:\WINDOWS\System32\OpenSSH\;C:\Users\sergi\AppData\Local\Microsoft\WindowsApps;C:\Users\sergi\.dotnet\tools;C:\Users\sergi\AppData\Local\Programs\Microsoft VS Code\bin;C:\Users\sergi\AppData\Local\GitHubDesktop\bin;."/>
    <property name="java.vm.info" value="mixed mode, sharing"/>
    <property name="java.vendor" value="Oracle Corporation"/>
    <property name="java.vm.version" value="17.0.7+8-LTS-224"/>
    <property name="sun.io.unicode.encoding" value="UnicodeLittle"/>
    <property name="java.class.version" value="61.0"/>
  </properties>
  <testcase name="contextLoads" classname="com.pucp.unionseguros.UnionSegurosApplicationTests" time="0.423">
    <system-out><![CDATA[15:44:40.402 [main] DEBUG org.springframework.boot.test.context.SpringBootTestContextBootstrapper -- Neither @ContextConfiguration nor @ContextHierarchy found for test class [UnionSegurosApplicationTests]: using SpringBootContextLoader
15:44:40.409 [main] DEBUG org.springframework.test.context.support.AbstractContextLoader -- Could not detect default resource locations for test class [com.pucp.unionseguros.UnionSegurosApplicationTests]: no resource found for suffixes {-context.xml, Context.groovy}.
15:44:40.410 [main] INFO org.springframework.test.context.support.AnnotationConfigContextLoaderUtils -- Could not detect default configuration classes for test class [com.pucp.unionseguros.UnionSegurosApplicationTests]: UnionSegurosApplicationTests does not declare any static, non-private, non-final, nested classes annotated with @Configuration.
15:44:40.461 [main] DEBUG org.springframework.boot.test.context.SpringBootTestContextBootstrapper -- Using ContextCustomizers for test class [UnionSegurosApplicationTests]: [ExcludeFilterContextCustomizer, DuplicateJsonObjectContextCustomizer, MockitoContextCustomizer, TestRestTemplateContextCustomizer, DisableObservabilityContextCustomizer, PropertyMappingContextCustomizer, Customizer]
15:44:40.617 [main] DEBUG org.springframework.context.annotation.ClassPathScanningCandidateComponentProvider -- Identified candidate component class: file [C:\Cursos Universidad\Cursos 2023-1\Ingeniería de Software\Repositorio TA\UnionSeguros\Server-side\UnionSeguros\target\classes\com\pucp\unionseguros\UnionSegurosApplication.class]
15:44:40.622 [main] INFO org.springframework.boot.test.context.SpringBootTestContextBootstrapper -- Found @SpringBootConfiguration com.pucp.unionseguros.UnionSegurosApplication for test class com.pucp.unionseguros.UnionSegurosApplicationTests
15:44:40.838 [main] DEBUG org.springframework.boot.test.context.SpringBootTestContextBootstrapper -- Using TestExecutionListeners for test class [UnionSegurosApplicationTests]: [ServletTestExecutionListener, DirtiesContextBeforeModesTestExecutionListener, ApplicationEventsTestExecutionListener, MockitoTestExecutionListener, DependencyInjectionTestExecutionListener, DirtiesContextTestExecutionListener, TransactionalTestExecutionListener, SqlScriptsTestExecutionListener, EventPublishingTestExecutionListener, ResetMocksTestExecutionListener, RestDocsTestExecutionListener, MockRestServiceServerResetTestExecutionListener, MockMvcPrintOnlyOnFailureTestExecutionListener, WebDriverTestExecutionListener, MockWebServiceServerTestExecutionListener]
15:44:40.840 [main] DEBUG org.springframework.test.context.support.AbstractDirtiesContextTestExecutionListener -- Before test class: class [UnionSegurosApplicationTests], class annotated with @DirtiesContext [false] with mode [null]

  .   ____          _            __ _ _
 /\\ / ___'_ __ _ _(_)_ __  __ _ \ \ \ \
( ( )\___ | '_ | '_| | '_ \/ _` | \ \ \ \
 \\/  ___)| |_)| | | | | || (_| |  ) ) ) )
  '  |____| .__|_| |_|_| |_\__, | / / / /
 =========|_|==============|___/=/_/_/_/
 :: Spring Boot ::                (v3.0.6)

2023-05-25T15:44:41.393-05:00  INFO 24620 --- [           main] c.p.u.UnionSegurosApplicationTests       : Starting UnionSegurosApplicationTests using Java 17.0.7 with PID 24620 (started by sergi in C:\Cursos Universidad\Cursos 2023-1\Ingeniería de Software\Repositorio TA\UnionSeguros\Server-side\UnionSeguros)
2023-05-25T15:44:41.396-05:00  INFO 24620 --- [           main] c.p.u.UnionSegurosApplicationTests       : No active profile set, falling back to 1 default profile: "default"
2023-05-25T15:44:42.704-05:00  INFO 24620 --- [           main] .s.d.r.c.RepositoryConfigurationDelegate : Multiple Spring Data modules found, entering strict repository configuration mode
2023-05-25T15:44:42.706-05:00  INFO 24620 --- [           main] .s.d.r.c.RepositoryConfigurationDelegate : Bootstrapping Spring Data JDBC repositories in DEFAULT mode.
2023-05-25T15:44:42.778-05:00  INFO 24620 --- [           main] .RepositoryConfigurationExtensionSupport : Spring Data JDBC - Could not safely identify store assignment for repository candidate interface com.pucp.unionseguros.repository.CotizacionRepository.CotizacionRepository; If you want this repository to be a JDBC repository, consider annotating your entities with one of these annotations: org.springframework.data.relational.core.mapping.Table.
2023-05-25T15:44:42.782-05:00  INFO 24620 --- [           main] .RepositoryConfigurationExtensionSupport : Spring Data JDBC - Could not safely identify store assignment for repository candidate interface com.pucp.unionseguros.repository.DistritosRepository.DepartamentoRepository; If you want this repository to be a JDBC repository, consider annotating your entities with one of these annotations: org.springframework.data.relational.core.mapping.Table.
2023-05-25T15:44:42.786-05:00  INFO 24620 --- [           main] .RepositoryConfigurationExtensionSupport : Spring Data JDBC - Could not safely identify store assignment for repository candidate interface com.pucp.unionseguros.repository.DistritosRepository.DistritoRepository; If you want this repository to be a JDBC repository, consider annotating your entities with one of these annotations: org.springframework.data.relational.core.mapping.Table.
2023-05-25T15:44:42.789-05:00  INFO 24620 --- [           main] .RepositoryConfigurationExtensionSupport : Spring Data JDBC - Could not safely identify store assignment for repository candidate interface com.pucp.unionseguros.repository.DistritosRepository.ProvinciaRepository; If you want this repository to be a JDBC repository, consider annotating your entities with one of these annotations: org.springframework.data.relational.core.mapping.Table.
2023-05-25T15:44:42.798-05:00  INFO 24620 --- [           main] .RepositoryConfigurationExtensionSupport : Spring Data JDBC - Could not safely identify store assignment for repository candidate interface com.pucp.unionseguros.repository.PersonasRepository.AdministradorRepository; If you want this repository to be a JDBC repository, consider annotating your entities with one of these annotations: org.springframework.data.relational.core.mapping.Table.
2023-05-25T15:44:42.802-05:00  INFO 24620 --- [           main] .RepositoryConfigurationExtensionSupport : Spring Data JDBC - Could not safely identify store assignment for repository candidate interface com.pucp.unionseguros.repository.PersonasRepository.ClienteRepository; If you want this repository to be a JDBC repository, consider annotating your entities with one of these annotations: org.springframework.data.relational.core.mapping.Table.
2023-05-25T15:44:42.804-05:00  INFO 24620 --- [           main] .RepositoryConfigurationExtensionSupport : Spring Data JDBC - Could not safely identify store assignment for repository candidate interface com.pucp.unionseguros.repository.PersonasRepository.PermisosRepository; If you want this repository to be a JDBC repository, consider annotating your entities with one of these annotations: org.springframework.data.relational.core.mapping.Table.
2023-05-25T15:44:42.807-05:00  INFO 24620 --- [           main] .RepositoryConfigurationExtensionSupport : Spring Data JDBC - Could not safely identify store assignment for repository candidate interface com.pucp.unionseguros.repository.PersonasRepository.PersonasRepository; If you want this repository to be a JDBC repository, consider annotating your entities with one of these annotations: org.springframework.data.relational.core.mapping.Table.
2023-05-25T15:44:42.810-05:00  INFO 24620 --- [           main] .RepositoryConfigurationExtensionSupport : Spring Data JDBC - Could not safely identify store assignment for repository candidate interface com.pucp.unionseguros.repository.PersonasRepository.RolesRepository; If you want this repository to be a JDBC repository, consider annotating your entities with one of these annotations: org.springframework.data.relational.core.mapping.Table.
2023-05-25T15:44:42.814-05:00  INFO 24620 --- [           main] .RepositoryConfigurationExtensionSupport : Spring Data JDBC - Could not safely identify store assignment for repository candidate interface com.pucp.unionseguros.repository.PersonasRepository.TipoDocumentoRepository; If you want this repository to be a JDBC repository, consider annotating your entities with one of these annotations: org.springframework.data.relational.core.mapping.Table.
2023-05-25T15:44:42.816-05:00  INFO 24620 --- [           main] .RepositoryConfigurationExtensionSupport : Spring Data JDBC - Could not safely identify store assignment for repository candidate interface com.pucp.unionseguros.repository.PersonasRepository.UsuarioRepository; If you want this repository to be a JDBC repository, consider annotating your entities with one of these annotations: org.springframework.data.relational.core.mapping.Table.
2023-05-25T15:44:42.820-05:00  INFO 24620 --- [           main] .RepositoryConfigurationExtensionSupport : Spring Data JDBC - Could not safely identify store assignment for repository candidate interface com.pucp.unionseguros.repository.SOATRepository.BoletaDeVentaRepository; If you want this repository to be a JDBC repository, consider annotating your entities with one of these annotations: org.springframework.data.relational.core.mapping.Table.
2023-05-25T15:44:42.823-05:00  INFO 24620 --- [           main] .RepositoryConfigurationExtensionSupport : Spring Data JDBC - Could not safely identify store assignment for repository candidate interface com.pucp.unionseguros.repository.SOATRepository.MetodoDePagoRepository; If you want this repository to be a JDBC repository, consider annotating your entities with one of these annotations: org.springframework.data.relational.core.mapping.Table.
2023-05-25T15:44:42.826-05:00  INFO 24620 --- [           main] .RepositoryConfigurationExtensionSupport : Spring Data JDBC - Could not safely identify store assignment for repository candidate interface com.pucp.unionseguros.repository.SOATRepository.PlanSOATRepository; If you want this repository to be a JDBC repository, consider annotating your entities with one of these annotations: org.springframework.data.relational.core.mapping.Table.
2023-05-25T15:44:42.830-05:00  INFO 24620 --- [           main] .RepositoryConfigurationExtensionSupport : Spring Data JDBC - Could not safely identify store assignment for repository candidate interface com.pucp.unionseguros.repository.SOATRepository.PolizaRepository; If you want this repository to be a JDBC repository, consider annotating your entities with one of these annotations: org.springframework.data.relational.core.mapping.Table.
2023-05-25T15:44:42.836-05:00  INFO 24620 --- [           main] .RepositoryConfigurationExtensionSupport : Spring Data JDBC - Could not safely identify store assignment for repository candidate interface com.pucp.unionseguros.repository.SOATRepository.SOATRepository; If you want this repository to be a JDBC repository, consider annotating your entities with one of these annotations: org.springframework.data.relational.core.mapping.Table.
2023-05-25T15:44:42.839-05:00  INFO 24620 --- [           main] .RepositoryConfigurationExtensionSupport : Spring Data JDBC - Could not safely identify store assignment for repository candidate interface com.pucp.unionseguros.repository.VehiculoRepository.MarcaVehiculoRepository; If you want this repository to be a JDBC repository, consider annotating your entities with one of these annotations: org.springframework.data.relational.core.mapping.Table.
2023-05-25T15:44:42.843-05:00  INFO 24620 --- [           main] .RepositoryConfigurationExtensionSupport : Spring Data JDBC - Could not safely identify store assignment for repository candidate interface com.pucp.unionseguros.repository.VehiculoRepository.ModeloRepository; If you want this repository to be a JDBC repository, consider annotating your entities with one of these annotations: org.springframework.data.relational.core.mapping.Table.
2023-05-25T15:44:42.846-05:00  INFO 24620 --- [           main] .RepositoryConfigurationExtensionSupport : Spring Data JDBC - Could not safely identify store assignment for repository candidate interface com.pucp.unionseguros.repository.VehiculoRepository.TipoUsoRepository; If you want this repository to be a JDBC repository, consider annotating your entities with one of these annotations: org.springframework.data.relational.core.mapping.Table.
2023-05-25T15:44:42.849-05:00  INFO 24620 --- [           main] .RepositoryConfigurationExtensionSupport : Spring Data JDBC - Could not safely identify store assignment for repository candidate interface com.pucp.unionseguros.repository.VehiculoRepository.TipoVehiculoRepository; If you want this repository to be a JDBC repository, consider annotating your entities with one of these annotations: org.springframework.data.relational.core.mapping.Table.
2023-05-25T15:44:42.853-05:00  INFO 24620 --- [           main] .RepositoryConfigurationExtensionSupport : Spring Data JDBC - Could not safely identify store assignment for repository candidate interface com.pucp.unionseguros.repository.VehiculoRepository.VehiculoRepository; If you want this repository to be a JDBC repository, consider annotating your entities with one of these annotations: org.springframework.data.relational.core.mapping.Table.
2023-05-25T15:44:42.854-05:00  INFO 24620 --- [           main] .s.d.r.c.RepositoryConfigurationDelegate : Finished Spring Data repository scanning in 140 ms. Found 0 JDBC repository interfaces.
2023-05-25T15:44:42.874-05:00  INFO 24620 --- [           main] .s.d.r.c.RepositoryConfigurationDelegate : Multiple Spring Data modules found, entering strict repository configuration mode
2023-05-25T15:44:42.876-05:00  INFO 24620 --- [           main] .s.d.r.c.RepositoryConfigurationDelegate : Bootstrapping Spring Data JPA repositories in DEFAULT mode.
2023-05-25T15:44:43.048-05:00  INFO 24620 --- [           main] .s.d.r.c.RepositoryConfigurationDelegate : Finished Spring Data repository scanning in 165 ms. Found 21 JPA repository interfaces.
2023-05-25T15:44:43.896-05:00  INFO 24620 --- [           main] com.zaxxer.hikari.HikariDataSource       : HikariPool-1 - Starting...
2023-05-25T15:44:45.284-05:00  INFO 24620 --- [           main] com.zaxxer.hikari.pool.HikariPool        : HikariPool-1 - Added connection com.mysql.cj.jdbc.ConnectionImpl@6b4125ed
2023-05-25T15:44:45.288-05:00  INFO 24620 --- [           main] com.zaxxer.hikari.HikariDataSource       : HikariPool-1 - Start completed.
2023-05-25T15:44:45.387-05:00  INFO 24620 --- [           main] o.hibernate.jpa.internal.util.LogHelper  : HHH000204: Processing PersistenceUnitInfo [name: default]
2023-05-25T15:44:45.491-05:00  INFO 24620 --- [           main] org.hibernate.Version                    : HHH000412: Hibernate ORM core version 6.1.7.Final
2023-05-25T15:44:46.542-05:00  INFO 24620 --- [           main] SQL dialect                              : HHH000400: Using dialect: org.hibernate.dialect.MySQLDialect
2023-05-25T15:44:48.388-05:00  INFO 24620 --- [           main] o.h.e.t.j.p.i.JtaPlatformInitiator       : HHH000490: Using JtaPlatform implementation: [org.hibernate.engine.transaction.jta.platform.internal.NoJtaPlatform]
2023-05-25T15:44:48.407-05:00  INFO 24620 --- [           main] j.LocalContainerEntityManagerFactoryBean : Initialized JPA EntityManagerFactory for persistence unit 'default'
2023-05-25T15:44:51.909-05:00  INFO 24620 --- [           main] c.p.u.UnionSegurosApplicationTests       : Started UnionSegurosApplicationTests in 10.989 seconds (process running for 12.845)
]]></system-out>
  </testcase>
</testsuite>